1602822597033	geckodriver	INFO	Listening on 127.0.0.1:50707
1602822599862	mozrunner::runner	INFO	Running command: "C:\\Program Files\\Mozilla Firefox\\firefox.exe" "--marionette" "-foreground" "-no-remote" "-profile" "C:\\Users\\lilaa\\AppData\\Local\\Temp\\rust_mozprofiledlYrhm"
Can't find symbol 'eglSwapBuffersWithDamageEXT'.
JavaScript error: resource://gre/modules/XULStore.jsm, line 66: Error: Can't find profile directory.
console.error: SearchCache: "_readCacheFile: Error reading cache file:" (new Error("", "(unknown module)"))
1602822603761	Marionette	INFO	Listening on port 50717
1602822603985	Marionette	WARN	TLS certificate errors will be ignored for this session
Can't find symbol 'eglSwapBuffersWithDamageEXT'.
1602822810868	Marionette	INFO	Stopped listening on port 50711602822811113	mozrunner::runner	INFO	Running command: "C:\\Program Files\\Mozilla Firefox\\firefox.exe" "--marionette" "-foreground" "-no-remote" "-profile" "C:\\Users\\lilaa\\AppData\\Local\\Temp\\rust_mozprofile82QpvF"
Can't find symbol 'eglSwapBuffersWithDamageEXT'.
JavaScript error: resource://gre/modules/XULStore.jsm, line 66: Error: Can't find profile directory.
console.error: SearchCache: "_readCacheFile: Error reading cache file:" (new Error("", "(unknown module)"))
1602822814863	Marionette	INFO	Listening on port 50970
1602822815247	Marionette	WARN	TLS certificate errors will be ignored for this session
Can't find symbol 'eglSwapBuffersWithDamageEXT'.
1602822835926	Marionette	INFO	Stopped listening on port 50970

###!!! [Child][RunMessage] Error: Channel closing: too late to send/recv, messages will be lost


###!!! [Child][MessageChannel::SendAndWait] Error: Channel error: cannot send/recv

1602822844887	geckodriver	INFO	Listening on 127.0.0.1:51055
1602822847935	mozrunner::runner	INFO	Running command: "C:\\Program Files\\Mozilla Firefox\\firefox.exe" "--marionette" "-foreground" "-no-remote" "-profile" "C:\\Users\\lilaa\\AppData\\Local\\Temp\\rust_mozprofilebA3Jsc"
Can't find symbol 'eglSwapBuffersWithDamageEXT'.
JavaScript error: resource://gre/modules/XULStore.jsm, line 66: Error: Can't find profile directory.
console.error: SearchCache: "_readCacheFile: Error reading cache file:" (new Error("", "(unknown module)"))
1602822851599	Marionette	INFO	Listening on port 51065
1602822852060	Marionette	WARN	TLS certificate errors will be ignored for this session
Can't find symbol 'eglSwapBuffersWithDamageEXT'.
1602822864815	Marionette	INFO	Stopped listening on port 51065

###!!! [Child][RunMessage] Error: Channel closing: too late to send/recv, messages will be lost


###!!! [Child][MessageChannel::SendAndWait] Error: Channel error: cannot send/recv

1602822874877	geckodriver	INFO	Listening on 127.0.0.1:51143
1602822877923	mozrunner::runner	INFO	Running command: "C:\\Program Files\\Mozilla Firefox\\firefox.exe" "--marionette" "-foreground" "-no-remote" "-profile" "C:\\Users\\lilaa\\AppData\\Local\\Temp\\rust_mozprofile0Bq586"
Can't find symbol 'eglSwapBuffersWithDamageEXT'.
JavaScript error: resource://gre/modules/XULStore.jsm, line 66: Error: Can't find profile directory.
console.error: SearchCache: "_readCacheFile: Error reading cache file:" (new Error("", "(unknown module)"))
1602822881620	Marionette	INFO	Listening on port 51154
1602822882053	Marionette	WARN	TLS certificate errors will be ignored for this session
Can't find symbol 'eglSwapBuffersWithDamageEXT'.
1602822900279	Marionette	INFO	Stopped listening on port 51154

###!!! [Child][RunMessage] Error: Channel closing: too late to send/recv, messages will be lost


###!!! [Child][MessageChannel::SendAndWait] Error: Channel error: cannot send/recv

1602823248627	geckodriver	INFO	Listening on 127.0.0.1:51583
1602823251677	mozrunner::runner	INFO	Running command: "C:\\Program Files\\Mozilla Firefox\\firefox.exe" "--marionette" "-foreground" "-no-remote" "-profile" "C:\\Users\\lilaa\\AppData\\Local\\Temp\\rust_mozprofileRfSZHE"
Can't find symbol 'eglSwapBuffersWithDamageEXT'.
JavaScript error: resource://gre/modules/XULStore.jsm, line 66: Error: Can't find profile directory.
console.error: SearchCache: "_readCacheFile: Error reading cache file:" (new Error("", "(unknown module)"))
1602823255321	Marionette	INFO	Listening on port 51595
1602823255804	Marionette	WARN	TLS certificate errors will be ignored for this session
1602823276226	Marionette	INFO	Stopped listening on port 51595

###!!! [Child][RunMessage] Error: Channel closing: too late to send/recv, messages will be lost


###!!! [Child][MessageChannel::SendAndWait] Error: Channel error: cannot send/recv

1602823326176	geckodriver	INFO	Listening on 127.0.0.1:51725
1602823329244	mozrunner::runner	INFO	Running command: "C:\\Program Files\\Mozilla Firefox\\firefox.exe" "--marionette" "-foreground" "-no-remote" "-profile" "C:\\Users\\lilaa\\AppData\\Local\\Temp\\rust_mozprofileA8s75i"
Can't find symbol 'eglSwapBuffersWithDamageEXT'.
JavaScript error: resource://gre/modules/XULStore.jsm, line 66: Error: Can't find profile directory.
console.error: SearchCache: "_readCacheFile: Error reading cache file:" (new Error("", "(unknown module)"))
1602823333089	Marionette	INFO	Listening on port 51737
1602823333383	Marionette	WARN	TLS certificate errors will be ignored for this session
1602823340534	Marionette	INFO	Stopped listening on port 51737

###!!! [Child][RunMessage] Error: Channel closing: too late to send/recv, messages will be lost


###!!! [Child][MessageChannel::SendAndWait] Error: Channel error: cannot send/recv

1602823526062	geckodriver	INFO	Listening on 127.0.0.1:51974
1602823529113	mozrunner::runner	INFO	Running command: "C:\\Program Files\\Mozilla Firefox\\firefox.exe" "--marionette" "-foreground" "-no-remote" "-profile" "C:\\Users\\lilaa\\AppData\\Local\\Temp\\rust_mozprofilewvl11G"
Can't find symbol 'eglSwapBuffersWithDamageEXT'.
JavaScript error: resource://gre/modules/XULStore.jsm, line 66: Error: Can't find profile directory.
console.error: SearchCache: "_readCacheFile: Error reading cache file:" (new Error("", "(unknown module)"))
1602823532869	Marionette	INFO	Listening on port 51983
1602823533248	Marionette	WARN	TLS certificate errors will be ignored for this session
Can't find symbol 'eglSwapBuffersWithDamageEXT'.
1602823545774	Marionette	INFO	Stopped listening on port 51983

###!!! [Child][RunMessage] Error: Channel closing: too late to send/recv, messages will be lost


###!!! [Child][MessageChannel::SendAndWait] Error: Channel error: cannot send/recv

